TapuBulu Awesome из команды белых вступает в бой!
Bounsweet Cute из команды синих вступает в бой!
TapuBulu Awesome промахивается

Bounsweet Cute использует атаку Rest. 
Bounsweet Cute засыпает

TapuBulu Awesome использует атаку Flatter. 
Bounsweet Cute увеличивает специальную атаку.

Bounsweet Cute использует атаку Rest. 
Bounsweet Cute засыпает

TapuBulu Awesome использует атаку Focus Blast. 
Bounsweet Cute теряет 5 здоровья.

Bounsweet Cute использует атаку Rest. 
Bounsweet Cute засыпает

TapuBulu Awesome промахивается

Bounsweet Cute использует атаку Rest. 
Bounsweet Cute засыпает

TapuBulu Awesome промахивается

Bounsweet Cute использует атаку Swagger. 
TapuBulu Awesome увеличивает атаку.

TapuBulu Awesome промахивается

Bounsweet Cute растерянно попадает по себе. 
Bounsweet Cute теряет 3 здоровья.

TapuBulu Awesome промахивается

Bounsweet Cute использует атаку Rest. 
Bounsweet Cute засыпает

TapuBulu Awesome промахивается

Bounsweet Cute использует атаку Rest. 
Bounsweet Cute засыпает

TapuBulu Awesome использует атаку Flatter. 
Bounsweet Cute увеличивает специальную атаку.

Bounsweet Cute использует атаку Swagger. 
TapuBulu Awesome увеличивает атаку.

TapuBulu Awesome растерянно попадает по себе. 
TapuBulu Awesome теряет 5 здоровья.

Bounsweet Cute растерянно попадает по себе. 
Bounsweet Cute теряет 4 здоровья.

TapuBulu Awesome промахивается

Bounsweet Cute использует атаку Swagger. 
TapuBulu Awesome увеличивает атаку.

TapuBulu Awesome использует атаку Flatter. 
Bounsweet Cute увеличивает специальную атаку.

Bounsweet Cute использует атаку Rest. 
Bounsweet Cute засыпает

TapuBulu Awesome промахивается

Bounsweet Cute использует атаку Rest. 
Bounsweet Cute засыпает

TapuBulu Awesome растерянно попадает по себе. 
TapuBulu Awesome теряет 4 здоровья.

Bounsweet Cute использует атаку Rest. 
Bounsweet Cute засыпает

TapuBulu Awesome промахивается

Bounsweet Cute использует атаку Swagger. 
TapuBulu Awesome увеличивает атаку.

TapuBulu Awesome растерянно попадает по себе. 
TapuBulu Awesome теряет 5 здоровья.
TapuBulu Awesome теряет сознание.
Glameow Wonderful из команды белых вступает в бой!
Glameow Wonderful промахивается

Bounsweet Cute использует атаку Rest. 
Bounsweet Cute засыпает

Glameow Wonderful использует атаку Charm. 
Bounsweet Cute уменьшает атаку.

Bounsweet Cute использует атаку Swagger. 
Glameow Wonderful увеличивает атаку.

Glameow Wonderful использует атаку Swagger. 
Bounsweet Cute увеличивает атаку.

Bounsweet Cute растерянно попадает по себе. 
Bounsweet Cute теряет 4 здоровья.

Glameow Wonderful использует атаку Swagger. 
Bounsweet Cute увеличивает атаку.

Bounsweet Cute растерянно попадает по себе. 
Bounsweet Cute теряет 3 здоровья.

Glameow Wonderful промахивается

Bounsweet Cute использует атаку Rest. 
Bounsweet Cute засыпает

Glameow Wonderful использует атаку Charm. 
Bounsweet Cute уменьшает атаку.

Bounsweet Cute использует атаку Rest. 
Bounsweet Cute засыпает

Glameow Wonderful растерянно попадает по себе. 
Glameow Wonderful теряет 4 здоровья.

Bounsweet Cute растерянно попадает по себе. 
Bounsweet Cute теряет 4 здоровья.

Glameow Wonderful растерянно попадает по себе. 
Glameow Wonderful теряет 3 здоровья.

Bounsweet Cute использует атаку Rest. 
Bounsweet Cute засыпает

Glameow Wonderful растерянно попадает по себе. 
Glameow Wonderful теряет 5 здоровья.

Bounsweet Cute использует атаку Swagger. 
Glameow Wonderful увеличивает атаку.

Glameow Wonderful растерянно попадает по себе. 
Glameow Wonderful теряет 5 здоровья.
Glameow Wonderful теряет сознание.
Purugly Strong из команды белых вступает в бой!
Purugly Strong использует атаку Charm. 
Bounsweet Cute уменьшает атаку.

Bounsweet Cute использует атаку Swagger. 
Purugly Strong увеличивает атаку.

Purugly Strong растерянно попадает по себе. 
Purugly Strong теряет 4 здоровья.

Bounsweet Cute растерянно попадает по себе. 
Bounsweet Cute теряет 2147483647 здоровья.
Bounsweet Cute теряет сознание.
Steenee Stunning из команды синих вступает в бой!
Purugly Strong растерянно попадает по себе. 
Purugly Strong теряет 4 здоровья.

Steenee Stunning промахивается

Purugly Strong промахивается

Steenee Stunning использует атаку Swagger. 
Purugly Strong увеличивает атаку.

Purugly Strong использует атаку Body Slam. 
Steenee Stunning теряет 7 здоровья.

Steenee Stunning использует атаку Swagger. 
Purugly Strong увеличивает атаку.

Purugly Strong промахивается

Steenee Stunning промахивается

Purugly Strong промахивается

Steenee Stunning использует атаку Swagger. 
Purugly Strong увеличивает атаку.

Purugly Strong растерянно попадает по себе. 
Purugly Strong теряет 4 здоровья.

Steenee Stunning использует атаку Rest. 
Steenee Stunning засыпает

Purugly Strong использует атаку Swagger. 
Steenee Stunning увеличивает атаку.

Steenee Stunning промахивается

Purugly Strong использует атаку Swagger. 
Steenee Stunning увеличивает атаку.

Steenee Stunning использует атаку Rest. 
Steenee Stunning засыпает

Purugly Strong использует атаку Swagger. 
Steenee Stunning увеличивает атаку.

Steenee Stunning растерянно попадает по себе. 
Steenee Stunning теряет 4 здоровья.

Purugly Strong использует атаку Charm. 
Steenee Stunning уменьшает атаку.

Steenee Stunning растерянно попадает по себе. 
Steenee Stunning теряет 3 здоровья.

Purugly Strong использует атаку Swagger. 
Steenee Stunning увеличивает атаку.

Steenee Stunning промахивается

Purugly Strong использует атаку Charm. 
Steenee Stunning уменьшает атаку.

Steenee Stunning использует атаку Rest. 
Steenee Stunning засыпает

Purugly Strong использует атаку Body Slam. 
Steenee Stunning теряет 9 здоровья.

Steenee Stunning использует атаку Rest. 
Steenee Stunning засыпает

Purugly Strong растерянно попадает по себе. 
Purugly Strong теряет 4 здоровья.
Purugly Strong теряет сознание.
В команде белых не осталось покемонов.
Команда синих побеждает в этом бою!
