TapuBulu Awesome из команды красных вступает в бой!
Bounsweet Cute из команды зеленых вступает в бой!
TapuBulu Awesome использует атаку Flatter. 
Bounsweet Cute увеличивает специальную атаку.

Bounsweet Cute использует атаку Rest. 
Bounsweet Cute засыпает

TapuBulu Awesome использует атаку Flatter. 
Bounsweet Cute увеличивает специальную атаку.

Bounsweet Cute использует атаку Rest. 
Bounsweet Cute засыпает

TapuBulu Awesome использует атаку Calm Mind. 
TapuBulu Awesome увеличивает специальную атаку.
TapuBulu Awesome увеличивает специальную защиту.

Bounsweet Cute использует атаку Swagger. 
TapuBulu Awesome увеличивает атаку.

TapuBulu Awesome использует атаку Flatter. 
Bounsweet Cute увеличивает специальную атаку.

Bounsweet Cute растерянно попадает по себе. 
Bounsweet Cute теряет 4 здоровья.

TapuBulu Awesome растерянно попадает по себе. 
TapuBulu Awesome теряет 5 здоровья.

Bounsweet Cute использует атаку Rest. 
Bounsweet Cute засыпает

TapuBulu Awesome растерянно попадает по себе. 
TapuBulu Awesome теряет 6 здоровья.

Bounsweet Cute растерянно попадает по себе. 
Bounsweet Cute теряет 3 здоровья.

TapuBulu Awesome растерянно попадает по себе. 
TapuBulu Awesome теряет 4 здоровья.
TapuBulu Awesome теряет сознание.
Glameow Wonderful из команды красных вступает в бой!
Glameow Wonderful использует атаку Charm. 
Bounsweet Cute уменьшает атаку.

Bounsweet Cute использует атаку Rest. 
Bounsweet Cute засыпает

Glameow Wonderful использует атаку Double Team. 
Bounsweet Cute теряет 4 здоровья.
Glameow Wonderful увеличивает уклоняемость.

Bounsweet Cute использует атаку Rest. 
Bounsweet Cute засыпает

Glameow Wonderful использует атаку Charm. 
Bounsweet Cute уменьшает атаку.

Bounsweet Cute промахивается

Glameow Wonderful использует атаку Double Team. 
Bounsweet Cute теряет 4 здоровья.
Glameow Wonderful увеличивает уклоняемость.

Bounsweet Cute использует атаку Swagger. 
Glameow Wonderful увеличивает атаку.

Glameow Wonderful растерянно попадает по себе. 
Glameow Wonderful теряет 3 здоровья.

Bounsweet Cute использует атаку Swagger. 
Glameow Wonderful увеличивает атаку.

Glameow Wonderful использует атаку Swagger. 
Bounsweet Cute увеличивает атаку.

Bounsweet Cute использует атаку Swagger. 
Glameow Wonderful увеличивает атаку.

Glameow Wonderful использует атаку Double Team. 
Bounsweet Cute теряет 3 здоровья.
Glameow Wonderful увеличивает уклоняемость.

Bounsweet Cute использует атаку Swagger. 
Glameow Wonderful увеличивает атаку.

Glameow Wonderful использует атаку Double Team. 
Bounsweet Cute теряет 4 здоровья.
Glameow Wonderful увеличивает уклоняемость.

Bounsweet Cute использует атаку Rest. 
Bounsweet Cute засыпает

Glameow Wonderful растерянно попадает по себе. 
Glameow Wonderful теряет 6 здоровья.

Bounsweet Cute использует атаку Swagger. 
Glameow Wonderful увеличивает атаку.

Glameow Wonderful использует атаку Double Team. 
Bounsweet Cute теряет 5 здоровья.
Glameow Wonderful увеличивает уклоняемость.

Bounsweet Cute использует атаку Swagger. 
Glameow Wonderful увеличивает атаку.

Glameow Wonderful использует атаку Charm. 
Bounsweet Cute уменьшает атаку.

Bounsweet Cute использует атаку Swagger. 
Glameow Wonderful увеличивает атаку.

Glameow Wonderful использует атаку Swagger. 
Bounsweet Cute увеличивает атаку.

Bounsweet Cute использует атаку Rest. 
Bounsweet Cute засыпает

Glameow Wonderful использует атаку Swagger. 
Bounsweet Cute увеличивает атаку.

Bounsweet Cute использует атаку Rest. 
Bounsweet Cute засыпает

Glameow Wonderful использует атаку Swagger. 
Bounsweet Cute увеличивает атаку.

Bounsweet Cute использует атаку Swagger. 
Glameow Wonderful увеличивает атаку.

Glameow Wonderful использует атаку Double Team. 
Bounsweet Cute теряет 6 здоровья.
Glameow Wonderful увеличивает уклоняемость.

Bounsweet Cute промахивается

Glameow Wonderful растерянно попадает по себе. 
Glameow Wonderful теряет 4 здоровья.
Glameow Wonderful теряет сознание.
Purugly Strong из команды красных вступает в бой!
Purugly Strong использует атаку Swagger. 
Bounsweet Cute увеличивает атаку.

Bounsweet Cute использует атаку Swagger. 
Purugly Strong увеличивает атаку.

Purugly Strong использует атаку Charm. 
Bounsweet Cute уменьшает атаку.

Bounsweet Cute растерянно попадает по себе. 
Bounsweet Cute теряет 4 здоровья.

Purugly Strong использует атаку Double Team. 
Bounsweet Cute теряет 5 здоровья.
Purugly Strong увеличивает уклоняемость.
Bounsweet Cute теряет сознание.
Steenee Stunning из команды зеленых вступает в бой!
Purugly Strong использует атаку Body Slam. 
Steenee Stunning теряет 11 здоровья.

Steenee Stunning использует атаку Swagger. 
Purugly Strong увеличивает атаку.

Purugly Strong использует атаку Charm. 
Steenee Stunning уменьшает атаку.

Steenee Stunning использует атаку Play Nice. 

Purugly Strong использует атаку Swagger. 
Steenee Stunning увеличивает атаку.

Steenee Stunning использует атаку Rest. 
Steenee Stunning засыпает

Purugly Strong использует атаку Double Team. 
Steenee Stunning теряет 5 здоровья.
Purugly Strong увеличивает уклоняемость.

Steenee Stunning использует атаку Rest. 
Steenee Stunning засыпает

Purugly Strong использует атаку Swagger. 
Steenee Stunning увеличивает атаку.

Steenee Stunning использует атаку Rest. 
Steenee Stunning засыпает

Purugly Strong использует атаку Swagger. 
Steenee Stunning увеличивает атаку.

Steenee Stunning растерянно попадает по себе. 
Steenee Stunning теряет 4 здоровья.

Purugly Strong использует атаку Charm. 
Steenee Stunning уменьшает атаку.

Steenee Stunning использует атаку Swagger. 
Purugly Strong увеличивает атаку.

Purugly Strong использует атаку Body Slam. 
Steenee Stunning теряет 10 здоровья.
Steenee Stunning теряет сознание.
Tsareena Amazing из команды зеленых вступает в бой!
Purugly Strong использует атаку Body Slam. 
Tsareena Amazing теряет 10 здоровья.

Tsareena Amazing использует атаку Play Nice. 

Purugly Strong использует атаку Body Slam. 
Tsareena Amazing теряет 10 здоровья.
Tsareena Amazing парализован
Tsareena Amazing теряет сознание.
В команде зеленых не осталось покемонов.
Команда красных побеждает в этом бою!
