Фрекен Бок взял выбивалку
--- Начинается сцена погони ---
Бимбо заходит в Большая комната
Фрекен Бок заходит в Большая комната
Малыш заходит в Большая комната
Карлсон взлетает в направлении LEFT
Карлсон двигается в направлении RIGHT. Текущая позиция: (6, 0)
Карлсон увеличивает высоту полёта на 3. Текущая высота: 3
Карлсон ускоряется. Новая скорость: 17
Карлсон улетает из Коридор в Большая комната
Карлсон заходит в Большая комната
Карлсон теперь находится в Большая комната. Текущая позиция: (11, 72)
Карлсон визжит от радости!
Карлсон увеличивает высоту полёта на 3. Текущая высота: 6
В Большая комната находятся
персонаж: Бимбо
персонаж: Фрекен Бок
персонаж: Малыш
персонаж: Карлсон
Фрекен Бок держит в руках Выбивалка для ковров во время погони
Фрекен Бок начинает преследовать Карлсон в направлении RIGHT
Фрекен Бок двигается в направлении LEFT. Текущая позиция: (13, 0)
Фрекен Бок увеличил скорость до 16
Фрекен Бок находится далеко от Карлсон. Не может атаковать
Малыш начинает преследовать Фрекен Бок в направлении RIGHT
Малыш двигается в направлении RIGHT. Текущая позиция: (7, 0)
Малыш увеличил скорость до 15
Бимбо прыгает вверх на 2. Текущая позиция: (9, 2)
Бимбо двигается за остальными 
Бимбо тявкает
Карлсон взлетает в направлении RIGHT
Карлсон двигается в направлении RIGHT. Текущая позиция: (13, 72)
Карлсон увеличивает высоту полёта на 12. Текущая высота: 18
Карлсон ускоряется. Новая скорость: 27
Погоня продолжается в Большая комната
Фрекен Бок держит в руках Выбивалка для ковров во время погони
Фрекен Бок начинает преследовать Карлсон в направлении RIGHT
Фрекен Бок двигается в направлении LEFT. Текущая позиция: (15, 0)
Фрекен Бок увеличил скорость до 21
Фрекен Бок находится далеко от Карлсон. Не может атаковать
Малыш начинает преследовать Фрекен Бок в направлении RIGHT
Малыш двигается в направлении RIGHT. Текущая позиция: (9, 0)
Малыш увеличил скорость до 20
Бимбо прыгает вверх на 4. Текущая позиция: (9, 4)
Бимбо двигается за остальными 
Карлсон спускается на 18. Текущая высота: 0
Карлсон теперь на земле
Карлсон начинает бежать в направлении RIGHT
Карлсон двигается в направлении RIGHT. Текущая позиция: (11, 0)
Карлсон увеличил скорость до 32
Фрекен Бок держит в руках Выбивалка для ковров во время погони
Фрекен Бок начинает преследовать Карлсон в направлении LEFT
Фрекен Бок двигается в направлении LEFT. Текущая позиция: (13, 0)
Фрекен Бок увеличил скорость до 26
Фрекен Бок достаточно близко, чтобы атаковать Карлсон
Фрекен Бок пытается ударить Карлсон , используя Выбивалка для ковров
Карлсон в зоне выбивалки
Карлсон не успевает уклониться от Выбивалка для ковров
Карлсонне был спасён!
 --- Погоня заканчивается --- 
